<?xml version="1.0" encoding="UTF-8"?>
<Site BuildName="(empty)"
	BuildStamp="20250123-0527-Experimental"
	Name="Asus-Ubuntu"
	Generator="ctest-3.22.1"
	CompilerName="/usr/bin/g++"
	CompilerVersion="11.4.0"
	OSName="Linux"
	Hostname="Asus-Ubuntu"
	OSRelease="6.8.0-51-generic"
	OSVersion="#52~22.04.1-Ubuntu SMP PREEMPT_DYNAMIC Mon Dec  9 15:00:52 UTC 2"
	OSPlatform="x86_64"
	Is64Bits="1"
	VendorString="GenuineIntel"
	VendorID="Intel Corporation"
	FamilyID="6"
	ModelID="126"
	ProcessorCacheSize="6144"
	NumberOfLogicalCPU="8"
	NumberOfPhysicalCPU="4"
	TotalVirtualMemory="2047"
	TotalPhysicalMemory="15733"
	LogicalProcessorsPerPhysical="2"
	ProcessorClockFrequency="2799.86"
	>
	<Testing>
		<StartDateTime>Jan 23 11:56 +03</StartDateTime>
		<StartTestTime>1737622571</StartTestTime>
		<TestList/>
		<EndDateTime>Jan 23 11:56 +03</EndDateTime>
		<EndTestTime>1737622571</EndTestTime>
		<ElapsedMinutes>0</ElapsedMinutes>
	</Testing>
</Site>
