<?xml version="1.0" encoding="UTF-8"?>
<Site BuildName="(empty)"
	BuildStamp="20250105-1558-Experimental"
	Name="Asus-Ubuntu"
	Generator="ctest-3.22.1"
	CompilerName="/usr/bin/g++"
	CompilerVersion="11.4.0"
	OSName="Linux"
	Hostname="Asus-Ubuntu"
	OSRelease="6.8.0-50-generic"
	OSVersion="#51~22.04.1-Ubuntu SMP PREEMPT_DYNAMIC Thu Nov 21 12:03:03 UTC 2"
	OSPlatform="x86_64"
	Is64Bits="1"
	VendorString="GenuineIntel"
	VendorID="Intel Corporation"
	FamilyID="6"
	ModelID="126"
	ProcessorCacheSize="6144"
	NumberOfLogicalCPU="8"
	NumberOfPhysicalCPU="4"
	TotalVirtualMemory="2047"
	TotalPhysicalMemory="15733"
	LogicalProcessorsPerPhysical="2"
	ProcessorClockFrequency="1194.03"
	>
	<Testing>
		<StartDateTime>Jan 05 20:41 +03</StartDateTime>
		<StartTestTime>1736098904</StartTestTime>
		<TestList/>
		<EndDateTime>Jan 05 20:41 +03</EndDateTime>
		<EndTestTime>1736098904</EndTestTime>
		<ElapsedMinutes>0</ElapsedMinutes>
	</Testing>
</Site>
